<?xml version="1.0" encoding="UTF-8" standalone="yes"?><!DOCTYPE report PUBLIC "-//JACOCO//DTD Report 1.1//EN" "report.dtd"><report name="lab01-recordando-poo-afloresblas"><sessioninfo id="DESKTOP-UB51MQG-5c3c4e70" start="1631491554404" dump="1631491555122"/><sessioninfo id="DESKTOP-UB51MQG-d60fafdd" start="1631495136131" dump="1631495136946"/><sessioninfo id="DESKTOP-UB51MQG-a3bd7234" start="1631495209230" dump="1631495210032"/><sessioninfo id="DESKTOP-UB51MQG-26c290ea" start="1631495285675" dump="1631495286483"/><sessioninfo id="DESKTOP-UB51MQG-6c4e9229" start="1631500299662" dump="1631500300719"/><sessioninfo id="DESKTOP-UB51MQG-9297ff0f" start="1631500362694" dump="1631500363608"/><sessioninfo id="DESKTOP-UB51MQG-98ed2a27" start="1631547914453" dump="1631547915429"/><sessioninfo id="DESKTOP-UB51MQG-66f2a3c0" start="1631548879336" dump="1631548880230"/><sessioninfo id="DESKTOP-UB51MQG-6cc0623e" start="1631549150172" dump="1631549151083"/><sessioninfo id="DESKTOP-UB51MQG-de3a8e22" start="1631549223778" dump="1631549224735"/><sessioninfo id="DESKTOP-UB51MQG-a308cbb7" start="1631549511005" dump="1631549511892"/><sessioninfo id="DESKTOP-UB51MQG-3d0c3084" start="1631549781568" dump="1631549782436"/><sessioninfo id="DESKTOP-UB51MQG-7f1c60d6" start="1631550163113" dump="1631550164017"/><sessioninfo id="DESKTOP-UB51MQG-c1a18204" start="1631550415608" dump="1631550416504"/><sessioninfo id="DESKTOP-UB51MQG-f97bec69" start="1631550909803" dump="1631550911138"/><sessioninfo id="DESKTOP-UB51MQG-5ee0b2bb" start="1631551767909" dump="1631551769177"/><sessioninfo id="DESKTOP-UB51MQG-7df3a2aa" start="1631552196067" dump="1631552196962"/><sessioninfo id="DESKTOP-UB51MQG-80afc3c1" start="1631552534158" dump="1631552535056"/><sessioninfo id="DESKTOP-UB51MQG-95553bcc" start="1631552889216" dump="1631552890120"/><sessioninfo id="DESKTOP-UB51MQG-7d934957" start="1631553315195" dump="1631553316145"/><sessioninfo id="DESKTOP-UB51MQG-da6b09ca" start="1631553461110" dump="1631553462043"/><sessioninfo id="DESKTOP-UB51MQG-58964d9b" start="1631553574780" dump="1631553575689"/><sessioninfo id="DESKTOP-UB51MQG-164f1192" start="1631553660099" dump="1631553661046"/><sessioninfo id="DESKTOP-UB51MQG-df5d7f72" start="1631553830089" dump="1631553831045"/><sessioninfo id="DESKTOP-UB51MQG-63636266" start="1631554118723" dump="1631554119712"/><sessioninfo id="DESKTOP-UB51MQG-5e9e3e7" start="1631554227595" dump="1631554228563"/><sessioninfo id="DESKTOP-UB51MQG-deacbe30" start="1631554337073" dump="1631554337979"/><package name="cs/ingsoftware"><class name="cs/ingsoftware/Vehiculo" sourcefilename="Vehiculo.java"><method name="&lt;init&gt;" desc="(DDD)V" line="8"><counter type="INSTRUCTION" missed="0" covered="12"/><counter type="LINE" missed="0" covered="5"/><counter type="COMPLEXITY" missed="0" covered="1"/><counter type="METHOD" missed="0" covered="1"/></method><method name="abastecer" desc="(D)Ljava/lang/String;" line="15"><counter type="INSTRUCTION" missed="0" covered="8"/><counter type="LINE" missed="0" covered="2"/><counter type="COMPLEXITY" missed="0" covered="1"/><counter type="METHOD" missed="0" covered="1"/></method><method name="viajar" desc="(I)Ljava/lang/String;" line="20"><counter type="INSTRUCTION" missed="0" covered="65"/><counter type="BRANCH" missed="0" covered="2"/><counter type="LINE" missed="0" covered="6"/><counter type="COMPLEXITY" missed="0" covered="2"/><counter type="METHOD" missed="0" covered="1"/></method><counter type="INSTRUCTION" missed="0" covered="85"/><counter type="BRANCH" missed="0" covered="2"/><counter type="LINE" missed="0" covered="13"/><counter type="COMPLEXITY" missed="0" covered="4"/><counter type="METHOD" missed="0" covered="3"/><counter type="CLASS" missed="0" covered="1"/></class><class name="cs/ingsoftware/Camion" sourcefilename="Camion.java"><method name="&lt;init&gt;" desc="(DDD)V" line="5"><counter type="INSTRUCTION" missed="0" covered="6"/><counter type="LINE" missed="0" covered="2"/><counter type="COMPLEXITY" missed="0" covered="1"/><counter type="METHOD" missed="0" covered="1"/></method><method name="abastecer" desc="(D)Ljava/lang/String;" line="10"><counter type="INSTRUCTION" missed="0" covered="36"/><counter type="BRANCH" missed="0" covered="2"/><counter type="LINE" missed="0" covered="4"/><counter type="COMPLEXITY" missed="0" covered="2"/><counter type="METHOD" missed="0" covered="1"/></method><counter type="INSTRUCTION" missed="0" covered="42"/><counter type="BRANCH" missed="0" covered="2"/><counter type="LINE" missed="0" covered="6"/><counter type="COMPLEXITY" missed="0" covered="3"/><counter type="METHOD" missed="0" covered="2"/><counter type="CLASS" missed="0" covered="1"/></class><class name="cs/ingsoftware/EjemploVehiculo" sourcefilename="EjemploVehiculo.java"><method name="&lt;init&gt;" desc="()V" line="4"><counter type="INSTRUCTION" missed="3" covered="0"/><counter type="LINE" missed="1" covered="0"/><counter type="COMPLEXITY" missed="1" covered="0"/><counter type="METHOD" missed="1" covered="0"/></method><method name="main" desc="([Ljava/lang/String;)V" line="7"><counter type="INSTRUCTION" missed="23" covered="0"/><counter type="LINE" missed="5" covered="0"/><counter type="COMPLEXITY" missed="1" covered="0"/><counter type="METHOD" missed="1" covered="0"/></method><method name="&lt;clinit&gt;" desc="()V" line="5"><counter type="INSTRUCTION" missed="5" covered="0"/><counter type="LINE" missed="1" covered="0"/><counter type="COMPLEXITY" missed="1" covered="0"/><counter type="METHOD" missed="1" covered="0"/></method><counter type="INSTRUCTION" missed="31" covered="0"/><counter type="LINE" missed="7" covered="0"/><counter type="COMPLEXITY" missed="3" covered="0"/><counter type="METHOD" missed="3" covered="0"/><counter type="CLASS" missed="1" covered="0"/></class><class name="cs/ingsoftware/Automovil" sourcefilename="Automovil.java"><method name="&lt;init&gt;" desc="(DDD)V" line="5"><counter type="INSTRUCTION" missed="0" covered="6"/><counter type="LINE" missed="0" covered="2"/><counter type="COMPLEXITY" missed="0" covered="1"/><counter type="METHOD" missed="0" covered="1"/></method><method name="abastecer" desc="(D)Ljava/lang/String;" line="10"><counter type="INSTRUCTION" missed="0" covered="32"/><counter type="BRANCH" missed="0" covered="2"/><counter type="LINE" missed="0" covered="4"/><counter type="COMPLEXITY" missed="0" covered="2"/><counter type="METHOD" missed="0" covered="1"/></method><counter type="INSTRUCTION" missed="0" covered="38"/><counter type="BRANCH" missed="0" covered="2"/><counter type="LINE" missed="0" covered="6"/><counter type="COMPLEXITY" missed="0" covered="3"/><counter type="METHOD" missed="0" covered="2"/><counter type="CLASS" missed="0" covered="1"/></class><sourcefile name="Camion.java"><line nr="5" mi="0" ci="5" mb="0" cb="0"/><line nr="6" mi="0" ci="1" mb="0" cb="0"/><line nr="10" mi="0" ci="8" mb="0" cb="2"/><line nr="11" mi="0" ci="8" mb="0" cb="0"/><line nr="12" mi="0" ci="18" mb="0" cb="0"/><line nr="14" mi="0" ci="2" mb="0" cb="0"/><counter type="INSTRUCTION" missed="0" covered="42"/><counter type="BRANCH" missed="0" covered="2"/><counter type="LINE" missed="0" covered="6"/><counter type="COMPLEXITY" missed="0" covered="3"/><counter type="METHOD" missed="0" covered="2"/><counter type="CLASS" missed="0" covered="1"/></sourcefile><sourcefile name="Automovil.java"><line nr="5" mi="0" ci="5" mb="0" cb="0"/><line nr="6" mi="0" ci="1" mb="0" cb="0"/><line nr="10" mi="0" ci="8" mb="0" cb="2"/><line nr="11" mi="0" ci="4" mb="0" cb="0"/><line nr="12" mi="0" ci="18" mb="0" cb="0"/><line nr="14" mi="0" ci="2" mb="0" cb="0"/><counter type="INSTRUCTION" missed="0" covered="38"/><counter type="BRANCH" missed="0" covered="2"/><counter type="LINE" missed="0" covered="6"/><counter type="COMPLEXITY" missed="0" covered="3"/><counter type="METHOD" missed="0" covered="2"/><counter type="CLASS" missed="0" covered="1"/></sourcefile><sourcefile name="EjemploVehiculo.java"><line nr="4" mi="3" ci="0" mb="0" cb="0"/><line nr="5" mi="5" ci="0" mb="0" cb="0"/><line nr="7" mi="7" ci="0" mb="0" cb="0"/><line nr="8" mi="4" ci="0" mb="0" cb="0"/><line nr="9" mi="7" ci="0" mb="0" cb="0"/><line nr="10" mi="4" ci="0" mb="0" cb="0"/><line nr="11" mi="1" ci="0" mb="0" cb="0"/><counter type="INSTRUCTION" missed="31" covered="0"/><counter type="LINE" missed="7" covered="0"/><counter type="COMPLEXITY" missed="3" covered="0"/><counter type="METHOD" missed="3" covered="0"/><counter type="CLASS" missed="1" covered="0"/></sourcefile><sourcefile name="Vehiculo.java"><line nr="8" mi="0" ci="2" mb="0" cb="0"/><line nr="9" mi="0" ci="3" mb="0" cb="0"/><line nr="10" mi="0" ci="3" mb="0" cb="0"/><line nr="11" mi="0" ci="3" mb="0" cb="0"/><line nr="12" mi="0" ci="1" mb="0" cb="0"/><line nr="15" mi="0" ci="6" mb="0" cb="0"/><line nr="16" mi="0" ci="2" mb="0" cb="0"/><line nr="20" mi="0" ci="6" mb="0" cb="0"/><line nr="21" mi="0" ci="4" mb="0" cb="0"/><line nr="22" mi="0" ci="5" mb="0" cb="2"/><line nr="23" mi="0" ci="9" mb="0" cb="0"/><line nr="25" mi="0" ci="6" mb="0" cb="0"/><line nr="26" mi="0" ci="35" mb="0" cb="0"/><counter type="INSTRUCTION" missed="0" covered="85"/><counter type="BRANCH" missed="0" covered="2"/><counter type="LINE" missed="0" covered="13"/><counter type="COMPLEXITY" missed="0" covered="4"/><counter type="METHOD" missed="0" covered="3"/><counter type="CLASS" missed="0" covered="1"/></sourcefile><counter type="INSTRUCTION" missed="31" covered="165"/><counter type="BRANCH" missed="0" covered="6"/><counter type="LINE" missed="7" covered="25"/><counter type="COMPLEXITY" missed="3" covered="10"/><counter type="METHOD" missed="3" covered="7"/><counter type="CLASS" missed="1" covered="3"/></package><counter type="INSTRUCTION" missed="31" covered="165"/><counter type="BRANCH" missed="0" covered="6"/><counter type="LINE" missed="7" covered="25"/><counter type="COMPLEXITY" missed="3" covered="10"/><counter type="METHOD" missed="3" covered="7"/><counter type="CLASS" missed="1" covered="3"/></report>