<?xml version="1.0" encoding="UTF-8"?>
<testng-results ignored="0" total="92" passed="92" failed="0" skipped="0">
  <reporter-output>
  </reporter-output>
  <suite started-at="2021-09-13T12:32:17 PET" name="cs.ingsoftware.EjemploVehiculoTest" finished-at="2021-09-13T12:32:17 PET" duration-ms="111">
    <groups>
    </groups>
    <test started-at="2021-09-13T12:32:17 PET" name="Command line test" finished-at="2021-09-13T12:32:17 PET" duration-ms="111">
      <class name="cs.ingsoftware.EjemploVehiculoTest">
        <test-method signature="Test01()[pri:0, instance:cs.ingsoftware.EjemploVehiculoTest@15f47664]" started-at="2021-09-13T12:32:17 PET" name="Test01" finished-at="2021-09-13T12:32:17 PET" duration-ms="13" status="PASS">
          <reporter-output>
          </reporter-output>
        </test-method> <!-- Test01 -->
        <test-method signature="Test02()[pri:0, instance:cs.ingsoftware.EjemploVehiculoTest@15f47664]" started-at="2021-09-13T12:32:17 PET" name="Test02" finished-at="2021-09-13T12:32:17 PET" duration-ms="2" status="PASS">
          <reporter-output>
          </reporter-output>
        </test-method> <!-- Test02 -->
        <test-method signature="Test03()[pri:0, instance:cs.ingsoftware.EjemploVehiculoTest@15f47664]" started-at="2021-09-13T12:32:17 PET" name="Test03" finished-at="2021-09-13T12:32:17 PET" duration-ms="0" status="PASS">
          <reporter-output>
          </reporter-output>
        </test-method> <!-- Test03 -->
        <test-method signature="Test04()[pri:0, instance:cs.ingsoftware.EjemploVehiculoTest@15f47664]" started-at="2021-09-13T12:32:17 PET" name="Test04" finished-at="2021-09-13T12:32:17 PET" duration-ms="0" status="PASS">
          <reporter-output>
          </reporter-output>
        </test-method> <!-- Test04 -->
        <test-method signature="Test05()[pri:0, instance:cs.ingsoftware.EjemploVehiculoTest@15f47664]" started-at="2021-09-13T12:32:17 PET" name="Test05" finished-at="2021-09-13T12:32:17 PET" duration-ms="0" status="PASS">
          <reporter-output>
          </reporter-output>
        </test-method> <!-- Test05 -->
        <test-method signature="Test07()[pri:0, instance:cs.ingsoftware.EjemploVehiculoTest@15f47664]" started-at="2021-09-13T12:32:17 PET" name="Test07" finished-at="2021-09-13T12:32:17 PET" duration-ms="1" status="PASS">
          <reporter-output>
          </reporter-output>
        </test-method> <!-- Test07 -->
        <test-method signature="Test06()[pri:0, instance:cs.ingsoftware.EjemploVehiculoTest@15f47664]" started-at="2021-09-13T12:32:17 PET" name="Test06" finished-at="2021-09-13T12:32:17 PET" duration-ms="0" status="PASS">
          <reporter-output>
          </reporter-output>
        </test-method> <!-- Test06 -->
        <test-method signature="Test08()[pri:0, instance:cs.ingsoftware.EjemploVehiculoTest@15f47664]" started-at="2021-09-13T12:32:17 PET" name="Test08" finished-at="2021-09-13T12:32:17 PET" duration-ms="1" status="PASS">
          <reporter-output>
          </reporter-output>
        </test-method> <!-- Test08 -->
        <test-method signature="Test09()[pri:0, instance:cs.ingsoftware.EjemploVehiculoTest@15f47664]" started-at="2021-09-13T12:32:17 PET" name="Test09" finished-at="2021-09-13T12:32:17 PET" duration-ms="1" status="PASS">
          <reporter-output>
          </reporter-output>
        </test-method> <!-- Test09 -->
        <test-method signature="Test10()[pri:0, instance:cs.ingsoftware.EjemploVehiculoTest@15f47664]" started-at="2021-09-13T12:32:17 PET" name="Test10" finished-at="2021-09-13T12:32:17 PET" duration-ms="0" status="PASS">
          <reporter-output>
          </reporter-output>
        </test-method> <!-- Test10 -->
        <test-method signature="Test11()[pri:0, instance:cs.ingsoftware.EjemploVehiculoTest@15f47664]" started-at="2021-09-13T12:32:17 PET" name="Test11" finished-at="2021-09-13T12:32:17 PET" duration-ms="0" status="PASS">
          <reporter-output>
          </reporter-output>
        </test-method> <!-- Test11 -->
        <test-method signature="Test12()[pri:0, instance:cs.ingsoftware.EjemploVehiculoTest@15f47664]" started-at="2021-09-13T12:32:17 PET" name="Test12" finished-at="2021-09-13T12:32:17 PET" duration-ms="1" status="PASS">
          <reporter-output>
          </reporter-output>
        </test-method> <!-- Test12 -->
        <test-method signature="Test13()[pri:0, instance:cs.ingsoftware.EjemploVehiculoTest@15f47664]" started-at="2021-09-13T12:32:17 PET" name="Test13" finished-at="2021-09-13T12:32:17 PET" duration-ms="1" status="PASS">
          <reporter-output>
          </reporter-output>
        </test-method> <!-- Test13 -->
        <test-method signature="Test13()[pri:0, instance:cs.ingsoftware.EjemploVehiculoTest@15f47664]" started-at="2021-09-13T12:32:17 PET" name="Test13" finished-at="2021-09-13T12:32:17 PET" duration-ms="1" status="PASS">
          <reporter-output>
          </reporter-output>
        </test-method> <!-- Test13 -->
        <test-method signature="Test13()[pri:0, instance:cs.ingsoftware.EjemploVehiculoTest@15f47664]" started-at="2021-09-13T12:32:17 PET" name="Test13" finished-at="2021-09-13T12:32:17 PET" duration-ms="1" status="PASS">
          <reporter-output>
          </reporter-output>
        </test-method> <!-- Test13 -->
        <test-method signature="Test13()[pri:0, instance:cs.ingsoftware.EjemploVehiculoTest@15f47664]" started-at="2021-09-13T12:32:17 PET" name="Test13" finished-at="2021-09-13T12:32:17 PET" duration-ms="1" status="PASS">
          <reporter-output>
          </reporter-output>
        </test-method> <!-- Test13 -->
        <test-method signature="Test13()[pri:0, instance:cs.ingsoftware.EjemploVehiculoTest@15f47664]" started-at="2021-09-13T12:32:17 PET" name="Test13" finished-at="2021-09-13T12:32:17 PET" duration-ms="1" status="PASS">
          <reporter-output>
          </reporter-output>
        </test-method> <!-- Test13 -->
        <test-method signature="Test13()[pri:0, instance:cs.ingsoftware.EjemploVehiculoTest@15f47664]" started-at="2021-09-13T12:32:17 PET" name="Test13" finished-at="2021-09-13T12:32:17 PET" duration-ms="1" status="PASS">
          <reporter-output>
          </reporter-output>
        </test-method> <!-- Test13 -->
        <test-method signature="Test13()[pri:0, instance:cs.ingsoftware.EjemploVehiculoTest@15f47664]" started-at="2021-09-13T12:32:17 PET" name="Test13" finished-at="2021-09-13T12:32:17 PET" duration-ms="0" status="PASS">
          <reporter-output>
          </reporter-output>
        </test-method> <!-- Test13 -->
        <test-method signature="Test13()[pri:0, instance:cs.ingsoftware.EjemploVehiculoTest@15f47664]" started-at="2021-09-13T12:32:17 PET" name="Test13" finished-at="2021-09-13T12:32:17 PET" duration-ms="0" status="PASS">
          <reporter-output>
          </reporter-output>
        </test-method> <!-- Test13 -->
        <test-method signature="Test13()[pri:0, instance:cs.ingsoftware.EjemploVehiculoTest@15f47664]" started-at="2021-09-13T12:32:17 PET" name="Test13" finished-at="2021-09-13T12:32:17 PET" duration-ms="0" status="PASS">
          <reporter-output>
          </reporter-output>
        </test-method> <!-- Test13 -->
        <test-method signature="Test13()[pri:0, instance:cs.ingsoftware.EjemploVehiculoTest@15f47664]" started-at="2021-09-13T12:32:17 PET" name="Test13" finished-at="2021-09-13T12:32:17 PET" duration-ms="0" status="PASS">
          <reporter-output>
          </reporter-output>
        </test-method> <!-- Test13 -->
        <test-method signature="Test13()[pri:0, instance:cs.ingsoftware.EjemploVehiculoTest@15f47664]" started-at="2021-09-13T12:32:17 PET" name="Test13" finished-at="2021-09-13T12:32:17 PET" duration-ms="0" status="PASS">
          <reporter-output>
          </reporter-output>
        </test-method> <!-- Test13 -->
        <test-method signature="Test13()[pri:0, instance:cs.ingsoftware.EjemploVehiculoTest@15f47664]" started-at="2021-09-13T12:32:17 PET" name="Test13" finished-at="2021-09-13T12:32:17 PET" duration-ms="0" status="PASS">
          <reporter-output>
          </reporter-output>
        </test-method> <!-- Test13 -->
        <test-method signature="Test13()[pri:0, instance:cs.ingsoftware.EjemploVehiculoTest@15f47664]" started-at="2021-09-13T12:32:17 PET" name="Test13" finished-at="2021-09-13T12:32:17 PET" duration-ms="0" status="PASS">
          <reporter-output>
          </reporter-output>
        </test-method> <!-- Test13 -->
        <test-method signature="Test13()[pri:0, instance:cs.ingsoftware.EjemploVehiculoTest@15f47664]" started-at="2021-09-13T12:32:17 PET" name="Test13" finished-at="2021-09-13T12:32:17 PET" duration-ms="1" status="PASS">
          <reporter-output>
          </reporter-output>
        </test-method> <!-- Test13 -->
        <test-method signature="Test13()[pri:0, instance:cs.ingsoftware.EjemploVehiculoTest@15f47664]" started-at="2021-09-13T12:32:17 PET" name="Test13" finished-at="2021-09-13T12:32:17 PET" duration-ms="0" status="PASS">
          <reporter-output>
          </reporter-output>
        </test-method> <!-- Test13 -->
        <test-method signature="Test13()[pri:0, instance:cs.ingsoftware.EjemploVehiculoTest@15f47664]" started-at="2021-09-13T12:32:17 PET" name="Test13" finished-at="2021-09-13T12:32:17 PET" duration-ms="1" status="PASS">
          <reporter-output>
          </reporter-output>
        </test-method> <!-- Test13 -->
        <test-method signature="Test13()[pri:0, instance:cs.ingsoftware.EjemploVehiculoTest@15f47664]" started-at="2021-09-13T12:32:17 PET" name="Test13" finished-at="2021-09-13T12:32:17 PET" duration-ms="0" status="PASS">
          <reporter-output>
          </reporter-output>
        </test-method> <!-- Test13 -->
        <test-method signature="Test13()[pri:0, instance:cs.ingsoftware.EjemploVehiculoTest@15f47664]" started-at="2021-09-13T12:32:17 PET" name="Test13" finished-at="2021-09-13T12:32:17 PET" duration-ms="1" status="PASS">
          <reporter-output>
          </reporter-output>
        </test-method> <!-- Test13 -->
        <test-method signature="Test13()[pri:0, instance:cs.ingsoftware.EjemploVehiculoTest@15f47664]" started-at="2021-09-13T12:32:17 PET" name="Test13" finished-at="2021-09-13T12:32:17 PET" duration-ms="0" status="PASS">
          <reporter-output>
          </reporter-output>
        </test-method> <!-- Test13 -->
        <test-method signature="Test13()[pri:0, instance:cs.ingsoftware.EjemploVehiculoTest@15f47664]" started-at="2021-09-13T12:32:17 PET" name="Test13" finished-at="2021-09-13T12:32:17 PET" duration-ms="0" status="PASS">
          <reporter-output>
          </reporter-output>
        </test-method> <!-- Test13 -->
        <test-method signature="Test13()[pri:0, instance:cs.ingsoftware.EjemploVehiculoTest@15f47664]" started-at="2021-09-13T12:32:17 PET" name="Test13" finished-at="2021-09-13T12:32:17 PET" duration-ms="0" status="PASS">
          <reporter-output>
          </reporter-output>
        </test-method> <!-- Test13 -->
        <test-method signature="Test13()[pri:0, instance:cs.ingsoftware.EjemploVehiculoTest@15f47664]" started-at="2021-09-13T12:32:17 PET" name="Test13" finished-at="2021-09-13T12:32:17 PET" duration-ms="0" status="PASS">
          <reporter-output>
          </reporter-output>
        </test-method> <!-- Test13 -->
        <test-method signature="Test13()[pri:0, instance:cs.ingsoftware.EjemploVehiculoTest@15f47664]" started-at="2021-09-13T12:32:17 PET" name="Test13" finished-at="2021-09-13T12:32:17 PET" duration-ms="0" status="PASS">
          <reporter-output>
          </reporter-output>
        </test-method> <!-- Test13 -->
        <test-method signature="Test13()[pri:0, instance:cs.ingsoftware.EjemploVehiculoTest@15f47664]" started-at="2021-09-13T12:32:17 PET" name="Test13" finished-at="2021-09-13T12:32:17 PET" duration-ms="1" status="PASS">
          <reporter-output>
          </reporter-output>
        </test-method> <!-- Test13 -->
        <test-method signature="Test13()[pri:0, instance:cs.ingsoftware.EjemploVehiculoTest@15f47664]" started-at="2021-09-13T12:32:17 PET" name="Test13" finished-at="2021-09-13T12:32:17 PET" duration-ms="0" status="PASS">
          <reporter-output>
          </reporter-output>
        </test-method> <!-- Test13 -->
        <test-method signature="Test13()[pri:0, instance:cs.ingsoftware.EjemploVehiculoTest@15f47664]" started-at="2021-09-13T12:32:17 PET" name="Test13" finished-at="2021-09-13T12:32:17 PET" duration-ms="0" status="PASS">
          <reporter-output>
          </reporter-output>
        </test-method> <!-- Test13 -->
        <test-method signature="Test13()[pri:0, instance:cs.ingsoftware.EjemploVehiculoTest@15f47664]" started-at="2021-09-13T12:32:17 PET" name="Test13" finished-at="2021-09-13T12:32:17 PET" duration-ms="0" status="PASS">
          <reporter-output>
          </reporter-output>
        </test-method> <!-- Test13 -->
        <test-method signature="Test13()[pri:0, instance:cs.ingsoftware.EjemploVehiculoTest@15f47664]" started-at="2021-09-13T12:32:17 PET" name="Test13" finished-at="2021-09-13T12:32:17 PET" duration-ms="0" status="PASS">
          <reporter-output>
          </reporter-output>
        </test-method> <!-- Test13 -->
        <test-method signature="Test13()[pri:0, instance:cs.ingsoftware.EjemploVehiculoTest@15f47664]" started-at="2021-09-13T12:32:17 PET" name="Test13" finished-at="2021-09-13T12:32:17 PET" duration-ms="0" status="PASS">
          <reporter-output>
          </reporter-output>
        </test-method> <!-- Test13 -->
        <test-method signature="Test13()[pri:0, instance:cs.ingsoftware.EjemploVehiculoTest@15f47664]" started-at="2021-09-13T12:32:17 PET" name="Test13" finished-at="2021-09-13T12:32:17 PET" duration-ms="0" status="PASS">
          <reporter-output>
          </reporter-output>
        </test-method> <!-- Test13 -->
        <test-method signature="Test13()[pri:0, instance:cs.ingsoftware.EjemploVehiculoTest@15f47664]" started-at="2021-09-13T12:32:17 PET" name="Test13" finished-at="2021-09-13T12:32:17 PET" duration-ms="0" status="PASS">
          <reporter-output>
          </reporter-output>
        </test-method> <!-- Test13 -->
        <test-method signature="Test13()[pri:0, instance:cs.ingsoftware.EjemploVehiculoTest@15f47664]" started-at="2021-09-13T12:32:17 PET" name="Test13" finished-at="2021-09-13T12:32:17 PET" duration-ms="0" status="PASS">
          <reporter-output>
          </reporter-output>
        </test-method> <!-- Test13 -->
        <test-method signature="Test13()[pri:0, instance:cs.ingsoftware.EjemploVehiculoTest@15f47664]" started-at="2021-09-13T12:32:17 PET" name="Test13" finished-at="2021-09-13T12:32:17 PET" duration-ms="0" status="PASS">
          <reporter-output>
          </reporter-output>
        </test-method> <!-- Test13 -->
        <test-method signature="Test13()[pri:0, instance:cs.ingsoftware.EjemploVehiculoTest@15f47664]" started-at="2021-09-13T12:32:17 PET" name="Test13" finished-at="2021-09-13T12:32:17 PET" duration-ms="0" status="PASS">
          <reporter-output>
          </reporter-output>
        </test-method> <!-- Test13 -->
        <test-method signature="Test13()[pri:0, instance:cs.ingsoftware.EjemploVehiculoTest@15f47664]" started-at="2021-09-13T12:32:17 PET" name="Test13" finished-at="2021-09-13T12:32:17 PET" duration-ms="0" status="PASS">
          <reporter-output>
          </reporter-output>
        </test-method> <!-- Test13 -->
        <test-method signature="Test13()[pri:0, instance:cs.ingsoftware.EjemploVehiculoTest@15f47664]" started-at="2021-09-13T12:32:17 PET" name="Test13" finished-at="2021-09-13T12:32:17 PET" duration-ms="0" status="PASS">
          <reporter-output>
          </reporter-output>
        </test-method> <!-- Test13 -->
        <test-method signature="Test13()[pri:0, instance:cs.ingsoftware.EjemploVehiculoTest@15f47664]" started-at="2021-09-13T12:32:17 PET" name="Test13" finished-at="2021-09-13T12:32:17 PET" duration-ms="1" status="PASS">
          <reporter-output>
          </reporter-output>
        </test-method> <!-- Test13 -->
        <test-method signature="Test13()[pri:0, instance:cs.ingsoftware.EjemploVehiculoTest@15f47664]" started-at="2021-09-13T12:32:17 PET" name="Test13" finished-at="2021-09-13T12:32:17 PET" duration-ms="0" status="PASS">
          <reporter-output>
          </reporter-output>
        </test-method> <!-- Test13 -->
        <test-method signature="Test13()[pri:0, instance:cs.ingsoftware.EjemploVehiculoTest@15f47664]" started-at="2021-09-13T12:32:17 PET" name="Test13" finished-at="2021-09-13T12:32:17 PET" duration-ms="0" status="PASS">
          <reporter-output>
          </reporter-output>
        </test-method> <!-- Test13 -->
        <test-method signature="Test13()[pri:0, instance:cs.ingsoftware.EjemploVehiculoTest@15f47664]" started-at="2021-09-13T12:32:17 PET" name="Test13" finished-at="2021-09-13T12:32:17 PET" duration-ms="0" status="PASS">
          <reporter-output>
          </reporter-output>
        </test-method> <!-- Test13 -->
        <test-method signature="Test13()[pri:0, instance:cs.ingsoftware.EjemploVehiculoTest@15f47664]" started-at="2021-09-13T12:32:17 PET" name="Test13" finished-at="2021-09-13T12:32:17 PET" duration-ms="0" status="PASS">
          <reporter-output>
          </reporter-output>
        </test-method> <!-- Test13 -->
        <test-method signature="Test13()[pri:0, instance:cs.ingsoftware.EjemploVehiculoTest@15f47664]" started-at="2021-09-13T12:32:17 PET" name="Test13" finished-at="2021-09-13T12:32:17 PET" duration-ms="0" status="PASS">
          <reporter-output>
          </reporter-output>
        </test-method> <!-- Test13 -->
        <test-method signature="Test13()[pri:0, instance:cs.ingsoftware.EjemploVehiculoTest@15f47664]" started-at="2021-09-13T12:32:17 PET" name="Test13" finished-at="2021-09-13T12:32:17 PET" duration-ms="1" status="PASS">
          <reporter-output>
          </reporter-output>
        </test-method> <!-- Test13 -->
        <test-method signature="Test13()[pri:0, instance:cs.ingsoftware.EjemploVehiculoTest@15f47664]" started-at="2021-09-13T12:32:17 PET" name="Test13" finished-at="2021-09-13T12:32:17 PET" duration-ms="0" status="PASS">
          <reporter-output>
          </reporter-output>
        </test-method> <!-- Test13 -->
        <test-method signature="Test13()[pri:0, instance:cs.ingsoftware.EjemploVehiculoTest@15f47664]" started-at="2021-09-13T12:32:17 PET" name="Test13" finished-at="2021-09-13T12:32:17 PET" duration-ms="0" status="PASS">
          <reporter-output>
          </reporter-output>
        </test-method> <!-- Test13 -->
        <test-method signature="Test13()[pri:0, instance:cs.ingsoftware.EjemploVehiculoTest@15f47664]" started-at="2021-09-13T12:32:17 PET" name="Test13" finished-at="2021-09-13T12:32:17 PET" duration-ms="0" status="PASS">
          <reporter-output>
          </reporter-output>
        </test-method> <!-- Test13 -->
        <test-method signature="Test13()[pri:0, instance:cs.ingsoftware.EjemploVehiculoTest@15f47664]" started-at="2021-09-13T12:32:17 PET" name="Test13" finished-at="2021-09-13T12:32:17 PET" duration-ms="0" status="PASS">
          <reporter-output>
          </reporter-output>
        </test-method> <!-- Test13 -->
        <test-method signature="Test13()[pri:0, instance:cs.ingsoftware.EjemploVehiculoTest@15f47664]" started-at="2021-09-13T12:32:17 PET" name="Test13" finished-at="2021-09-13T12:32:17 PET" duration-ms="0" status="PASS">
          <reporter-output>
          </reporter-output>
        </test-method> <!-- Test13 -->
        <test-method signature="Test13()[pri:0, instance:cs.ingsoftware.EjemploVehiculoTest@15f47664]" started-at="2021-09-13T12:32:17 PET" name="Test13" finished-at="2021-09-13T12:32:17 PET" duration-ms="0" status="PASS">
          <reporter-output>
          </reporter-output>
        </test-method> <!-- Test13 -->
        <test-method signature="Test13()[pri:0, instance:cs.ingsoftware.EjemploVehiculoTest@15f47664]" started-at="2021-09-13T12:32:17 PET" name="Test13" finished-at="2021-09-13T12:32:17 PET" duration-ms="0" status="PASS">
          <reporter-output>
          </reporter-output>
        </test-method> <!-- Test13 -->
        <test-method signature="Test13()[pri:0, instance:cs.ingsoftware.EjemploVehiculoTest@15f47664]" started-at="2021-09-13T12:32:17 PET" name="Test13" finished-at="2021-09-13T12:32:17 PET" duration-ms="1" status="PASS">
          <reporter-output>
          </reporter-output>
        </test-method> <!-- Test13 -->
        <test-method signature="Test13()[pri:0, instance:cs.ingsoftware.EjemploVehiculoTest@15f47664]" started-at="2021-09-13T12:32:17 PET" name="Test13" finished-at="2021-09-13T12:32:17 PET" duration-ms="1" status="PASS">
          <reporter-output>
          </reporter-output>
        </test-method> <!-- Test13 -->
        <test-method signature="Test13()[pri:0, instance:cs.ingsoftware.EjemploVehiculoTest@15f47664]" started-at="2021-09-13T12:32:17 PET" name="Test13" finished-at="2021-09-13T12:32:17 PET" duration-ms="0" status="PASS">
          <reporter-output>
          </reporter-output>
        </test-method> <!-- Test13 -->
        <test-method signature="Test13()[pri:0, instance:cs.ingsoftware.EjemploVehiculoTest@15f47664]" started-at="2021-09-13T12:32:17 PET" name="Test13" finished-at="2021-09-13T12:32:17 PET" duration-ms="0" status="PASS">
          <reporter-output>
          </reporter-output>
        </test-method> <!-- Test13 -->
        <test-method signature="Test13()[pri:0, instance:cs.ingsoftware.EjemploVehiculoTest@15f47664]" started-at="2021-09-13T12:32:17 PET" name="Test13" finished-at="2021-09-13T12:32:17 PET" duration-ms="1" status="PASS">
          <reporter-output>
          </reporter-output>
        </test-method> <!-- Test13 -->
        <test-method signature="Test13()[pri:0, instance:cs.ingsoftware.EjemploVehiculoTest@15f47664]" started-at="2021-09-13T12:32:17 PET" name="Test13" finished-at="2021-09-13T12:32:17 PET" duration-ms="0" status="PASS">
          <reporter-output>
          </reporter-output>
        </test-method> <!-- Test13 -->
        <test-method signature="Test13()[pri:0, instance:cs.ingsoftware.EjemploVehiculoTest@15f47664]" started-at="2021-09-13T12:32:17 PET" name="Test13" finished-at="2021-09-13T12:32:17 PET" duration-ms="0" status="PASS">
          <reporter-output>
          </reporter-output>
        </test-method> <!-- Test13 -->
        <test-method signature="Test13()[pri:0, instance:cs.ingsoftware.EjemploVehiculoTest@15f47664]" started-at="2021-09-13T12:32:17 PET" name="Test13" finished-at="2021-09-13T12:32:17 PET" duration-ms="0" status="PASS">
          <reporter-output>
          </reporter-output>
        </test-method> <!-- Test13 -->
        <test-method signature="Test13()[pri:0, instance:cs.ingsoftware.EjemploVehiculoTest@15f47664]" started-at="2021-09-13T12:32:17 PET" name="Test13" finished-at="2021-09-13T12:32:17 PET" duration-ms="0" status="PASS">
          <reporter-output>
          </reporter-output>
        </test-method> <!-- Test13 -->
        <test-method signature="Test13()[pri:0, instance:cs.ingsoftware.EjemploVehiculoTest@15f47664]" started-at="2021-09-13T12:32:17 PET" name="Test13" finished-at="2021-09-13T12:32:17 PET" duration-ms="1" status="PASS">
          <reporter-output>
          </reporter-output>
        </test-method> <!-- Test13 -->
        <test-method signature="Test13()[pri:0, instance:cs.ingsoftware.EjemploVehiculoTest@15f47664]" started-at="2021-09-13T12:32:17 PET" name="Test13" finished-at="2021-09-13T12:32:17 PET" duration-ms="0" status="PASS">
          <reporter-output>
          </reporter-output>
        </test-method> <!-- Test13 -->
        <test-method signature="Test13()[pri:0, instance:cs.ingsoftware.EjemploVehiculoTest@15f47664]" started-at="2021-09-13T12:32:17 PET" name="Test13" finished-at="2021-09-13T12:32:17 PET" duration-ms="1" status="PASS">
          <reporter-output>
          </reporter-output>
        </test-method> <!-- Test13 -->
        <test-method signature="Test13()[pri:0, instance:cs.ingsoftware.EjemploVehiculoTest@15f47664]" started-at="2021-09-13T12:32:17 PET" name="Test13" finished-at="2021-09-13T12:32:17 PET" duration-ms="0" status="PASS">
          <reporter-output>
          </reporter-output>
        </test-method> <!-- Test13 -->
        <test-method signature="Test13()[pri:0, instance:cs.ingsoftware.EjemploVehiculoTest@15f47664]" started-at="2021-09-13T12:32:17 PET" name="Test13" finished-at="2021-09-13T12:32:17 PET" duration-ms="1" status="PASS">
          <reporter-output>
          </reporter-output>
        </test-method> <!-- Test13 -->
        <test-method signature="Test13()[pri:0, instance:cs.ingsoftware.EjemploVehiculoTest@15f47664]" started-at="2021-09-13T12:32:17 PET" name="Test13" finished-at="2021-09-13T12:32:17 PET" duration-ms="0" status="PASS">
          <reporter-output>
          </reporter-output>
        </test-method> <!-- Test13 -->
        <test-method signature="Test13()[pri:0, instance:cs.ingsoftware.EjemploVehiculoTest@15f47664]" started-at="2021-09-13T12:32:17 PET" name="Test13" finished-at="2021-09-13T12:32:17 PET" duration-ms="0" status="PASS">
          <reporter-output>
          </reporter-output>
        </test-method> <!-- Test13 -->
        <test-method signature="Test13()[pri:0, instance:cs.ingsoftware.EjemploVehiculoTest@15f47664]" started-at="2021-09-13T12:32:17 PET" name="Test13" finished-at="2021-09-13T12:32:17 PET" duration-ms="0" status="PASS">
          <reporter-output>
          </reporter-output>
        </test-method> <!-- Test13 -->
        <test-method signature="Test13()[pri:0, instance:cs.ingsoftware.EjemploVehiculoTest@15f47664]" started-at="2021-09-13T12:32:17 PET" name="Test13" finished-at="2021-09-13T12:32:17 PET" duration-ms="0" status="PASS">
          <reporter-output>
          </reporter-output>
        </test-method> <!-- Test13 -->
        <test-method signature="Test13()[pri:0, instance:cs.ingsoftware.EjemploVehiculoTest@15f47664]" started-at="2021-09-13T12:32:17 PET" name="Test13" finished-at="2021-09-13T12:32:17 PET" duration-ms="0" status="PASS">
          <reporter-output>
          </reporter-output>
        </test-method> <!-- Test13 -->
        <test-method signature="Test13()[pri:0, instance:cs.ingsoftware.EjemploVehiculoTest@15f47664]" started-at="2021-09-13T12:32:17 PET" name="Test13" finished-at="2021-09-13T12:32:17 PET" duration-ms="0" status="PASS">
          <reporter-output>
          </reporter-output>
        </test-method> <!-- Test13 -->
        <test-method signature="Test13()[pri:0, instance:cs.ingsoftware.EjemploVehiculoTest@15f47664]" started-at="2021-09-13T12:32:17 PET" name="Test13" finished-at="2021-09-13T12:32:17 PET" duration-ms="0" status="PASS">
          <reporter-output>
          </reporter-output>
        </test-method> <!-- Test13 -->
        <test-method signature="Test13()[pri:0, instance:cs.ingsoftware.EjemploVehiculoTest@15f47664]" started-at="2021-09-13T12:32:17 PET" name="Test13" finished-at="2021-09-13T12:32:17 PET" duration-ms="1" status="PASS">
          <reporter-output>
          </reporter-output>
        </test-method> <!-- Test13 -->
        <test-method signature="Test13()[pri:0, instance:cs.ingsoftware.EjemploVehiculoTest@15f47664]" started-at="2021-09-13T12:32:17 PET" name="Test13" finished-at="2021-09-13T12:32:17 PET" duration-ms="0" status="PASS">
          <reporter-output>
          </reporter-output>
        </test-method> <!-- Test13 -->
        <test-method signature="Test13()[pri:0, instance:cs.ingsoftware.EjemploVehiculoTest@15f47664]" started-at="2021-09-13T12:32:17 PET" name="Test13" finished-at="2021-09-13T12:32:17 PET" duration-ms="1" status="PASS">
          <reporter-output>
          </reporter-output>
        </test-method> <!-- Test13 -->
        <test-method signature="Test13()[pri:0, instance:cs.ingsoftware.EjemploVehiculoTest@15f47664]" started-at="2021-09-13T12:32:17 PET" name="Test13" finished-at="2021-09-13T12:32:17 PET" duration-ms="0" status="PASS">
          <reporter-output>
          </reporter-output>
        </test-method> <!-- Test13 -->
        <test-method signature="Test13()[pri:0, instance:cs.ingsoftware.EjemploVehiculoTest@15f47664]" started-at="2021-09-13T12:32:17 PET" name="Test13" finished-at="2021-09-13T12:32:17 PET" duration-ms="0" status="PASS">
          <reporter-output>
          </reporter-output>
        </test-method> <!-- Test13 -->
        <test-method signature="Test13()[pri:0, instance:cs.ingsoftware.EjemploVehiculoTest@15f47664]" started-at="2021-09-13T12:32:17 PET" name="Test13" finished-at="2021-09-13T12:32:17 PET" duration-ms="0" status="PASS">
          <reporter-output>
          </reporter-output>
        </test-method> <!-- Test13 -->
        <test-method signature="Test13()[pri:0, instance:cs.ingsoftware.EjemploVehiculoTest@15f47664]" started-at="2021-09-13T12:32:17 PET" name="Test13" finished-at="2021-09-13T12:32:17 PET" duration-ms="0" status="PASS">
          <reporter-output>
          </reporter-output>
        </test-method> <!-- Test13 -->
        <test-method signature="Test13()[pri:0, instance:cs.ingsoftware.EjemploVehiculoTest@15f47664]" started-at="2021-09-13T12:32:17 PET" name="Test13" finished-at="2021-09-13T12:32:17 PET" duration-ms="0" status="PASS">
          <reporter-output>
          </reporter-output>
        </test-method> <!-- Test13 -->
        <test-method signature="Test13()[pri:0, instance:cs.ingsoftware.EjemploVehiculoTest@15f47664]" started-at="2021-09-13T12:32:17 PET" name="Test13" finished-at="2021-09-13T12:32:17 PET" duration-ms="0" status="PASS">
          <reporter-output>
          </reporter-output>
        </test-method> <!-- Test13 -->
      </class> <!-- cs.ingsoftware.EjemploVehiculoTest -->
    </test> <!-- Command line test -->
  </suite> <!-- cs.ingsoftware.EjemploVehiculoTest -->
</testng-results>
