<?xml version="1.0" encoding="UTF-8"?>
<!-- Generated by org.testng.reporters.JUnitXMLReporter -->
<testsuite ignored="0" hostname="DESKTOP-UB51MQG" failures="0" tests="92" name="Command line test" time="0.111" errors="0" timestamp="2021-09-13T12:32:17 PET">
  <testcase classname="cs.ingsoftware.EjemploVehiculoTest" name="Test01" time="0.013"/>
  <testcase classname="cs.ingsoftware.EjemploVehiculoTest" name="Test02" time="0.002"/>
  <testcase classname="cs.ingsoftware.EjemploVehiculoTest" name="Test03" time="0.0"/>
  <testcase classname="cs.ingsoftware.EjemploVehiculoTest" name="Test04" time="0.0"/>
  <testcase classname="cs.ingsoftware.EjemploVehiculoTest" name="Test05" time="0.0"/>
  <testcase classname="cs.ingsoftware.EjemploVehiculoTest" name="Test06" time="0.0"/>
  <testcase classname="cs.ingsoftware.EjemploVehiculoTest" name="Test07" time="0.001"/>
  <testcase classname="cs.ingsoftware.EjemploVehiculoTest" name="Test08" time="0.001"/>
  <testcase classname="cs.ingsoftware.EjemploVehiculoTest" name="Test09" time="0.001"/>
  <testcase classname="cs.ingsoftware.EjemploVehiculoTest" name="Test10" time="0.0"/>
  <testcase classname="cs.ingsoftware.EjemploVehiculoTest" name="Test11" time="0.0"/>
  <testcase classname="cs.ingsoftware.EjemploVehiculoTest" name="Test12" time="0.001"/>
  <testcase classname="cs.ingsoftware.EjemploVehiculoTest" name="Test13" time="0.001"/>
  <testcase classname="cs.ingsoftware.EjemploVehiculoTest" name="Test13" time="0.001"/>
  <testcase classname="cs.ingsoftware.EjemploVehiculoTest" name="Test13" time="0.001"/>
  <testcase classname="cs.ingsoftware.EjemploVehiculoTest" name="Test13" time="0.001"/>
  <testcase classname="cs.ingsoftware.EjemploVehiculoTest" name="Test13" time="0.0"/>
  <testcase classname="cs.ingsoftware.EjemploVehiculoTest" name="Test13" time="0.0"/>
  <testcase classname="cs.ingsoftware.EjemploVehiculoTest" name="Test13" time="0.0"/>
  <testcase classname="cs.ingsoftware.EjemploVehiculoTest" name="Test13" time="0.001"/>
  <testcase classname="cs.ingsoftware.EjemploVehiculoTest" name="Test13" time="0.0"/>
  <testcase classname="cs.ingsoftware.EjemploVehiculoTest" name="Test13" time="0.0"/>
  <testcase classname="cs.ingsoftware.EjemploVehiculoTest" name="Test13" time="0.0"/>
  <testcase classname="cs.ingsoftware.EjemploVehiculoTest" name="Test13" time="0.0"/>
  <testcase classname="cs.ingsoftware.EjemploVehiculoTest" name="Test13" time="0.0"/>
  <testcase classname="cs.ingsoftware.EjemploVehiculoTest" name="Test13" time="0.001"/>
  <testcase classname="cs.ingsoftware.EjemploVehiculoTest" name="Test13" time="0.0"/>
  <testcase classname="cs.ingsoftware.EjemploVehiculoTest" name="Test13" time="0.001"/>
  <testcase classname="cs.ingsoftware.EjemploVehiculoTest" name="Test13" time="0.0"/>
  <testcase classname="cs.ingsoftware.EjemploVehiculoTest" name="Test13" time="0.0"/>
  <testcase classname="cs.ingsoftware.EjemploVehiculoTest" name="Test13" time="0.0"/>
  <testcase classname="cs.ingsoftware.EjemploVehiculoTest" name="Test13" time="0.001"/>
  <testcase classname="cs.ingsoftware.EjemploVehiculoTest" name="Test13" time="0.001"/>
  <testcase classname="cs.ingsoftware.EjemploVehiculoTest" name="Test13" time="0.0"/>
  <testcase classname="cs.ingsoftware.EjemploVehiculoTest" name="Test13" time="0.0"/>
  <testcase classname="cs.ingsoftware.EjemploVehiculoTest" name="Test13" time="0.0"/>
  <testcase classname="cs.ingsoftware.EjemploVehiculoTest" name="Test13" time="0.0"/>
  <testcase classname="cs.ingsoftware.EjemploVehiculoTest" name="Test13" time="0.0"/>
  <testcase classname="cs.ingsoftware.EjemploVehiculoTest" name="Test13" time="0.001"/>
  <testcase classname="cs.ingsoftware.EjemploVehiculoTest" name="Test13" time="0.0"/>
  <testcase classname="cs.ingsoftware.EjemploVehiculoTest" name="Test13" time="0.0"/>
  <testcase classname="cs.ingsoftware.EjemploVehiculoTest" name="Test13" time="0.0"/>
  <testcase classname="cs.ingsoftware.EjemploVehiculoTest" name="Test13" time="0.0"/>
  <testcase classname="cs.ingsoftware.EjemploVehiculoTest" name="Test13" time="0.0"/>
  <testcase classname="cs.ingsoftware.EjemploVehiculoTest" name="Test13" time="0.0"/>
  <testcase classname="cs.ingsoftware.EjemploVehiculoTest" name="Test13" time="0.0"/>
  <testcase classname="cs.ingsoftware.EjemploVehiculoTest" name="Test13" time="0.0"/>
  <testcase classname="cs.ingsoftware.EjemploVehiculoTest" name="Test13" time="0.0"/>
  <testcase classname="cs.ingsoftware.EjemploVehiculoTest" name="Test13" time="0.0"/>
  <testcase classname="cs.ingsoftware.EjemploVehiculoTest" name="Test13" time="0.0"/>
  <testcase classname="cs.ingsoftware.EjemploVehiculoTest" name="Test13" time="0.001"/>
  <testcase classname="cs.ingsoftware.EjemploVehiculoTest" name="Test13" time="0.0"/>
  <testcase classname="cs.ingsoftware.EjemploVehiculoTest" name="Test13" time="0.0"/>
  <testcase classname="cs.ingsoftware.EjemploVehiculoTest" name="Test13" time="0.0"/>
  <testcase classname="cs.ingsoftware.EjemploVehiculoTest" name="Test13" time="0.0"/>
  <testcase classname="cs.ingsoftware.EjemploVehiculoTest" name="Test13" time="0.0"/>
  <testcase classname="cs.ingsoftware.EjemploVehiculoTest" name="Test13" time="0.0"/>
  <testcase classname="cs.ingsoftware.EjemploVehiculoTest" name="Test13" time="0.0"/>
  <testcase classname="cs.ingsoftware.EjemploVehiculoTest" name="Test13" time="0.001"/>
  <testcase classname="cs.ingsoftware.EjemploVehiculoTest" name="Test13" time="0.0"/>
  <testcase classname="cs.ingsoftware.EjemploVehiculoTest" name="Test13" time="0.0"/>
  <testcase classname="cs.ingsoftware.EjemploVehiculoTest" name="Test13" time="0.0"/>
  <testcase classname="cs.ingsoftware.EjemploVehiculoTest" name="Test13" time="0.0"/>
  <testcase classname="cs.ingsoftware.EjemploVehiculoTest" name="Test13" time="0.0"/>
  <testcase classname="cs.ingsoftware.EjemploVehiculoTest" name="Test13" time="0.0"/>
  <testcase classname="cs.ingsoftware.EjemploVehiculoTest" name="Test13" time="0.0"/>
  <testcase classname="cs.ingsoftware.EjemploVehiculoTest" name="Test13" time="0.0"/>
  <testcase classname="cs.ingsoftware.EjemploVehiculoTest" name="Test13" time="0.001"/>
  <testcase classname="cs.ingsoftware.EjemploVehiculoTest" name="Test13" time="0.001"/>
  <testcase classname="cs.ingsoftware.EjemploVehiculoTest" name="Test13" time="0.001"/>
  <testcase classname="cs.ingsoftware.EjemploVehiculoTest" name="Test13" time="0.0"/>
  <testcase classname="cs.ingsoftware.EjemploVehiculoTest" name="Test13" time="0.0"/>
  <testcase classname="cs.ingsoftware.EjemploVehiculoTest" name="Test13" time="0.0"/>
  <testcase classname="cs.ingsoftware.EjemploVehiculoTest" name="Test13" time="0.0"/>
  <testcase classname="cs.ingsoftware.EjemploVehiculoTest" name="Test13" time="0.0"/>
  <testcase classname="cs.ingsoftware.EjemploVehiculoTest" name="Test13" time="0.001"/>
  <testcase classname="cs.ingsoftware.EjemploVehiculoTest" name="Test13" time="0.001"/>
  <testcase classname="cs.ingsoftware.EjemploVehiculoTest" name="Test13" time="0.0"/>
  <testcase classname="cs.ingsoftware.EjemploVehiculoTest" name="Test13" time="0.0"/>
  <testcase classname="cs.ingsoftware.EjemploVehiculoTest" name="Test13" time="0.001"/>
  <testcase classname="cs.ingsoftware.EjemploVehiculoTest" name="Test13" time="0.0"/>
  <testcase classname="cs.ingsoftware.EjemploVehiculoTest" name="Test13" time="0.0"/>
  <testcase classname="cs.ingsoftware.EjemploVehiculoTest" name="Test13" time="0.0"/>
  <testcase classname="cs.ingsoftware.EjemploVehiculoTest" name="Test13" time="0.0"/>
  <testcase classname="cs.ingsoftware.EjemploVehiculoTest" name="Test13" time="0.001"/>
  <testcase classname="cs.ingsoftware.EjemploVehiculoTest" name="Test13" time="0.0"/>
  <testcase classname="cs.ingsoftware.EjemploVehiculoTest" name="Test13" time="0.001"/>
  <testcase classname="cs.ingsoftware.EjemploVehiculoTest" name="Test13" time="0.0"/>
  <testcase classname="cs.ingsoftware.EjemploVehiculoTest" name="Test13" time="0.0"/>
  <testcase classname="cs.ingsoftware.EjemploVehiculoTest" name="Test13" time="0.0"/>
  <testcase classname="cs.ingsoftware.EjemploVehiculoTest" name="Test13" time="0.0"/>
  <testcase classname="cs.ingsoftware.EjemploVehiculoTest" name="Test13" time="0.0"/>
</testsuite> <!-- Command line test -->
